<?xml version="1.0" encoding="UTF-8"?>
<testsuite name="cscie55.hw4.ThreadsTest" time="26.627" tests="9" errors="0" skipped="0" failures="0">
  <properties>
    <property name="java.runtime.name" value="Java(TM) SE Runtime Environment"/>
    <property name="java.vm.version" value="12.0.1+12"/>
    <property name="sun.boot.library.path" value="C:\Program Files\Java\jdk-12.0.1\bin"/>
    <property name="maven.multiModuleProjectDirectory" value="C:/Users/Tofik Mussa/Desktop/MS in CS/CSCI E-55/Projects/mussa_tofik_homework_4/mussa_tofik_hw4"/>
    <property name="java.vm.vendor" value="Oracle Corporation"/>
    <property name="java.vendor.url" value="https://java.oracle.com/"/>
    <property name="guice.disable.misplaced.annotation.check" value="true"/>
    <property name="path.separator" value=";"/>
    <property name="java.vm.name" value="Java HotSpot(TM) 64-Bit Server VM"/>
    <property name="sun.os.patch.level" value=""/>
    <property name="user.script" value=""/>
    <property name="user.country" value="US"/>
    <property name="sun.java.launcher" value="SUN_STANDARD"/>
    <property name="java.vm.specification.name" value="Java Virtual Machine Specification"/>
    <property name="user.dir" value="C:\Users\Tofik Mussa\Desktop\MS in CS\CSCI E-55\Projects\mussa_tofik_homework_4\mussa_tofik_hw4"/>
    <property name="java.vm.compressedOopsMode" value="32-bit"/>
    <property name="java.runtime.version" value="12.0.1+12"/>
    <property name="java.awt.graphicsenv" value="sun.awt.Win32GraphicsEnvironment"/>
    <property name="os.arch" value="amd64"/>
    <property name="java.io.tmpdir" value="C:\Users\TOFIKM~1\AppData\Local\Temp\"/>
    <property name="line.separator" value="&#10;"/>
    <property name="java.vm.specification.vendor" value="Oracle Corporation"/>
    <property name="user.variant" value=""/>
    <property name="os.name" value="Windows 10"/>
    <property name="classworlds.conf" value="C:/Program Files/apache-maven-3.6.0/bin/m2.conf"/>
    <property name="sun.jnu.encoding" value="Cp1252"/>
    <property name="java.library.path" value="C:\Program Files\Java\jdk-12.0.1\bin;C:\WINDOWS\Sun\Java\bin;C:\WINDOWS\system32;C:\WINDOWS;C:\Users\Tofik Mussa\bin;C:\Program Files\Git\mingw64\bin;C:\Program Files\Git\usr\local\bin;C:\Program Files\Git\usr\bin;C:\Program Files\Git\usr\bin;C:\Program Files\Git\mingw64\bin;C:\Program Files\Git\usr\bin;C:\Users\Tofik Mussa\bin;C:\Program Files\Java\jdk-12.0.1\bin;C:\Program Files (x86)\IBM\WebSphere\AppClient\bin;C:\Program Files (x86)\IBM\WebSphere\AppClient\java\jre\bin;C:\Program Files (x86)\IBM\WebSphere\AppClient\java\jre\bin\j9vm;C:\Program Files (x86)\Intel\Intel(R) Management Engine Components\iCLS;C:\Program Files\Intel\Intel(R) Management Engine Components\iCLS;C:\WINDOWS\system32;C:\WINDOWS;C:\WINDOWS\System32\Wbem;C:\WINDOWS\System32\WindowsPowerShell\v1.0;C:\Program Files (x86)\Intel\Intel(R) Management Engine Components\DAL;C:\Program Files\Intel\Intel(R) Management Engine Components\DAL;C:\Program Files (x86)\Intel\Intel(R) Management Engine Components\IPT;C:\Program Files\Intel\Intel(R) Management Engine Components\IPT;C:\Program Files\Git\cmd;C:\WINDOWS\System32\OpenSSH;C:\Program Files (x86)\Git\bin;C:\Program Files\Git LFS;C:\Program Files (x86)\Brackets\command;C:\Program Files\nodejs;C:\Program Files\apache-maven-3.6.0\bin;C:\Users\Tofik Mussa\Downloads\mongodb-shell-win32-x86_64-2008plus-ssl-4.0.8\mongodb-win32-x86_64-2008plus-ssl-4.0.8\bin;C:\Users\Tofik Mussa\AppData\Local\Microsoft\WindowsApp;C:\Program Files\Git\cmd&quot;;C:\Program Files\heroku\bin;C:\Users\Tofik Mussa\AppData\Local\Microsoft\WindowsApps;C:\Users\Tofik Mussa\AppData\Roaming\npm;C:\Users\Tofik Mussa\AppData\Local\Programs\Microsoft VS Code\bin;C:\Program Files\Docker Toolbox;C:\Program Files\JetBrains\IntelliJ IDEA 2019.2.3\bin;C:\Program Files\Git\usr\bin\vendor_perl;C:\Program Files\Git\usr\bin\core_perl;."/>
    <property name="maven.conf" value="C:/Program Files/apache-maven-3.6.0/conf"/>
    <property name="jdk.debug" value="release"/>
    <property name="java.class.version" value="56.0"/>
    <property name="java.specification.name" value="Java Platform API Specification"/>
    <property name="sun.management.compiler" value="HotSpot 64-Bit Tiered Compilers"/>
    <property name="os.version" value="10.0"/>
    <property name="library.jansi.path" value="C:/Program Files/apache-maven-3.6.0/lib/jansi-native"/>
    <property name="user.home" value="C:\Users\Tofik Mussa"/>
    <property name="user.timezone" value="America/New_York"/>
    <property name="file.encoding" value="Cp1252"/>
    <property name="java.specification.version" value="12"/>
    <property name="user.name" value="Tofik Mussa"/>
    <property name="java.class.path" value="C:/Program Files/apache-maven-3.6.0/boot/plexus-classworlds-2.5.2.jar"/>
    <property name="java.vm.specification.version" value="12"/>
    <property name="sun.arch.data.model" value="64"/>
    <property name="sun.java.command" value="org.codehaus.plexus.classworlds.launcher.Launcher clean package"/>
    <property name="java.home" value="C:\Program Files\Java\jdk-12.0.1"/>
    <property name="user.language" value="en"/>
    <property name="java.specification.vendor" value="Oracle Corporation"/>
    <property name="awt.toolkit" value="sun.awt.windows.WToolkit"/>
    <property name="java.vm.info" value="mixed mode, sharing"/>
    <property name="java.version" value="12.0.1"/>
    <property name="java.vendor" value="Oracle Corporation"/>
    <property name="maven.home" value="C:\Program Files\apache-maven-3.6.0"/>
    <property name="file.separator" value="\"/>
    <property name="java.version.date" value="2019-04-16"/>
    <property name="java.vendor.url.bug" value="https://bugreport.java.com/bugreport/"/>
    <property name="sun.io.unicode.encoding" value="UnicodeLittle"/>
    <property name="sun.cpu.endian" value="little"/>
    <property name="sun.desktop" value="windows"/>
    <property name="sun.cpu.isalist" value="amd64"/>
  </properties>
  <testcase name="testPerformance" classname="cscie55.hw4.ThreadsTest" time="26.625"/>
  <testcase name="testZeroWithdrawal" classname="cscie55.hw4.ThreadsTest" time="0"/>
  <testcase name="testDuplicateAccounts" classname="cscie55.hw4.ThreadsTest" time="0"/>
  <testcase name="testZeroDeposit" classname="cscie55.hw4.ThreadsTest" time="0.001"/>
  <testcase name="testInsufficientFundsWithdrawal" classname="cscie55.hw4.ThreadsTest" time="0"/>
  <testcase name="testNegativeWithdrawal" classname="cscie55.hw4.ThreadsTest" time="0.001"/>
  <testcase name="testPositiveDeposit" classname="cscie55.hw4.ThreadsTest" time="0"/>
  <testcase name="testNegativeDeposit" classname="cscie55.hw4.ThreadsTest" time="0"/>
  <testcase name="testPositiveWithdrawal" classname="cscie55.hw4.ThreadsTest" time="0"/>
</testsuite>